This is pdfTeX, Version 3.14159265-2.6-1.40.19 (MiKTeX 2.9.6800 64-bit) (preloaded format=pdflatex 2018.9.22)  1 NOV 2018 17:08
entering extended mode
**./Dokument.tex
(Dokument.tex
LaTeX2e <2018-04-01> patch level 5

("C:\Users\joonas.praks\AppData\Local\Programs\MiKTeX 2.9\tex\latex\base\report
.cls"
Document Class: report 2014/09/29 v1.4h Standard LaTeX document class

("C:\Users\joonas.praks\AppData\Local\Programs\MiKTeX 2.9\tex\latex\base\size10
.clo"
File: size10.clo 2014/09/29 v1.4h Standard LaTeX file (size option)
)
\c@part=\count80
\c@chapter=\count81
\c@section=\count82
\c@subsection=\count83
\c@subsubsection=\count84
\c@paragraph=\count85
\c@subparagraph=\count86
\c@figure=\count87
\c@table=\count88
\abovecaptionskip=\skip41
\belowcaptionskip=\skip42
\bibindent=\dimen102
)
("C:\Users\joonas.praks\AppData\Local\Programs\MiKTeX 2.9\tex\latex\base\fonten
c.sty"
Package: fontenc 2017/04/05 v2.0i Standard LaTeX package

("C:\Users\joonas.praks\AppData\Local\Programs\MiKTeX 2.9\tex\latex\base\t1enc.
def"
File: t1enc.def 2017/04/05 v2.0i Standard LaTeX file
LaTeX Font Info:    Redeclaring font encoding T1 on input line 48.
))
("C:\Users\joonas.praks\AppData\Local\Programs\MiKTeX 2.9\tex\latex\newtx\newtx
math.sty"
Package: newtxmath 2018/05/15 v1.553

`newtxmath' v1.553, 2018/05/15 Math macros based originally on txfonts (msharpe
)
("C:\Users\joonas.praks\AppData\Local\Programs\MiKTeX 2.9\tex\latex\amsmath\ams
math.sty"
Package: amsmath 2017/09/02 v2.17a AMS math features
\@mathmargin=\skip43

For additional information on amsmath, use the `?' option.

("C:\Users\joonas.praks\AppData\Local\Programs\MiKTeX 2.9\tex\latex\amsmath\ams
text.sty"
Package: amstext 2000/06/29 v2.01 AMS text

("C:\Users\joonas.praks\AppData\Local\Programs\MiKTeX 2.9\tex\latex\amsmath\ams
gen.sty"
File: amsgen.sty 1999/11/30 v2.0 generic functions
\@emptytoks=\toks14
\ex@=\dimen103
))
("C:\Users\joonas.praks\AppData\Local\Programs\MiKTeX 2.9\tex\latex\amsmath\ams
bsy.sty"
Package: amsbsy 1999/11/29 v1.2d Bold Symbols
\pmbraise@=\dimen104
)
("C:\Users\joonas.praks\AppData\Local\Programs\MiKTeX 2.9\tex\latex\amsmath\ams
opn.sty"
Package: amsopn 2016/03/08 v2.02 operator names
)
\inf@bad=\count89
LaTeX Info: Redefining \frac on input line 213.
\uproot@=\count90
\leftroot@=\count91
LaTeX Info: Redefining \overline on input line 375.
\classnum@=\count92
\DOTSCASE@=\count93
LaTeX Info: Redefining \ldots on input line 472.
LaTeX Info: Redefining \dots on input line 475.
LaTeX Info: Redefining \cdots on input line 596.
\Mathstrutbox@=\box26
\strutbox@=\box27
\big@size=\dimen105
LaTeX Font Info:    Redeclaring font encoding OML on input line 712.
LaTeX Font Info:    Redeclaring font encoding OMS on input line 713.
\macc@depth=\count94
\c@MaxMatrixCols=\count95
\dotsspace@=\muskip10
\c@parentequation=\count96
\dspbrk@lvl=\count97
\tag@help=\toks15
\row@=\count98
\column@=\count99
\maxfields@=\count100
\andhelp@=\toks16
\eqnshift@=\dimen106
\alignsep@=\dimen107
\tagshift@=\dimen108
\tagwidth@=\dimen109
\totwidth@=\dimen110
\lineht@=\dimen111
\@envbody=\toks17
\multlinegap=\skip44
\multlinetaggap=\skip45
\mathdisplay@stack=\toks18
LaTeX Info: Redefining \[ on input line 2817.
LaTeX Info: Redefining \] on input line 2818.
)
("C:\Users\joonas.praks\AppData\Local\Programs\MiKTeX 2.9\tex\latex\etoolbox\et
oolbox.sty"
Package: etoolbox 2018/08/19 v2.5f e-TeX tools for LaTeX (JAW)
\etb@tempcnta=\count101
)
("C:\Users\joonas.praks\AppData\Local\Programs\MiKTeX 2.9\tex\generic\ifxetex\i
fxetex.sty"
Package: ifxetex 2010/09/12 v0.6 Provides ifxetex conditional
)
("C:\Users\joonas.praks\AppData\Local\Programs\MiKTeX 2.9\tex\generic\oberdiek\
ifluatex.sty"
Package: ifluatex 2016/05/16 v1.4 Provides the ifluatex switch (HO)
Package ifluatex Info: LuaTeX not detected.
)
("C:\Users\joonas.praks\AppData\Local\Programs\MiKTeX 2.9\tex\latex\xkeyval\xke
yval.sty"
Package: xkeyval 2014/12/03 v2.7a package option processing (HA)

("C:\Users\joonas.praks\AppData\Local\Programs\MiKTeX 2.9\tex\generic\xkeyval\x
keyval.tex"
("C:\Users\joonas.praks\AppData\Local\Programs\MiKTeX 2.9\tex\generic\xkeyval\x
kvutils.tex"
\XKV@toks=\toks19
\XKV@tempa@toks=\toks20

("C:\Users\joonas.praks\AppData\Local\Programs\MiKTeX 2.9\tex\generic\xkeyval\k
eyval.tex"))
\XKV@depth=\count102
File: xkeyval.tex 2014/12/03 v2.7a key=value parser (HA)
))
("C:\Users\joonas.praks\AppData\Local\Programs\MiKTeX 2.9\tex\latex\oberdiek\ce
nternot.sty"
Package: centernot 2016/05/16 v1.4 Centers the not symbol horizontally (HO)
)
\tx@cntz=\count103

("C:\Users\joonas.praks\AppData\Local\Programs\MiKTeX 2.9\tex\generic\binhex\bi
nhex.tex")
\tx@Isdigit=\count104
\tx@IsAlNum=\count105
LaTeX Font Info:    Redeclaring symbol font `operators' on input line 171.
LaTeX Font Info:    Overwriting symbol font `operators' in version `normal'
(Font)                  OT1/cmr/m/n --> OT1/cmr/m/n on input line 171.
LaTeX Font Info:    Overwriting symbol font `operators' in version `bold'
(Font)                  OT1/cmr/bx/n --> OT1/cmr/m/n on input line 171.
LaTeX Font Info:    Overwriting symbol font `operators' in version `bold'
(Font)                  OT1/cmr/m/n --> OT1/cmr/b/n on input line 172.
LaTeX Font Info:    Redeclaring math alphabet \mathsf on input line 180.
LaTeX Font Info:    Overwriting math alphabet `\mathsf' in version `normal'
(Font)                  OT1/cmss/m/n --> T1/cmss/m/n on input line 180.
LaTeX Font Info:    Overwriting math alphabet `\mathsf' in version `bold'
(Font)                  OT1/cmss/bx/n --> T1/cmss/m/n on input line 180.
LaTeX Font Info:    Redeclaring math alphabet \mathit on input line 181.
LaTeX Font Info:    Overwriting math alphabet `\mathit' in version `normal'
(Font)                  OT1/cmr/m/it --> OT1/cmr/m/it on input line 181.
LaTeX Font Info:    Overwriting math alphabet `\mathit' in version `bold'
(Font)                  OT1/cmr/bx/it --> OT1/cmr/m/it on input line 181.
LaTeX Font Info:    Redeclaring math alphabet \mathtt on input line 182.
LaTeX Font Info:    Overwriting math alphabet `\mathtt' in version `normal'
(Font)                  OT1/cmtt/m/n --> T1/cmtt/m/n on input line 182.
LaTeX Font Info:    Overwriting math alphabet `\mathtt' in version `bold'
(Font)                  OT1/cmtt/m/n --> T1/cmtt/m/n on input line 182.
LaTeX Font Info:    Redeclaring math alphabet \mathbf on input line 184.
LaTeX Font Info:    Overwriting math alphabet `\mathbf' in version `normal'
(Font)                  OT1/cmr/bx/n --> OT1/cmr/b/n on input line 184.
LaTeX Font Info:    Overwriting math alphabet `\mathbf' in version `bold'
(Font)                  OT1/cmr/bx/n --> OT1/cmr/b/n on input line 184.
LaTeX Font Info:    Overwriting math alphabet `\mathit' in version `bold'
(Font)                  OT1/cmr/m/it --> OT1/cmr/b/it on input line 185.
LaTeX Font Info:    Overwriting math alphabet `\mathsf' in version `bold'
(Font)                  T1/cmss/m/n --> T1/cmss/b/n on input line 186.
LaTeX Font Info:    Overwriting math alphabet `\mathtt' in version `bold'
(Font)                  T1/cmtt/m/n --> T1/cmtt/b/n on input line 187.
LaTeX Font Info:    Redeclaring symbol font `letters' on input line 243.
LaTeX Font Info:    Overwriting symbol font `letters' in version `normal'
(Font)                  OML/cmm/m/it --> OML/ntxmi/m/it on input line 243.
LaTeX Font Info:    Overwriting symbol font `letters' in version `bold'
(Font)                  OML/cmm/b/it --> OML/ntxmi/m/it on input line 243.
LaTeX Font Info:    Overwriting symbol font `letters' in version `bold'
(Font)                  OML/ntxmi/m/it --> OML/ntxmi/b/it on input line 244.
\symlettersA=\mathgroup4
LaTeX Font Info:    Overwriting symbol font `lettersA' in version `bold'
(Font)                  U/ntxmia/m/it --> U/ntxmia/b/it on input line 261.
Now handling font encoding LMS ...
... no UTF-8 mapping file for font encoding LMS
LaTeX Font Info:    Redeclaring symbol font `symbols' on input line 282.
LaTeX Font Info:    Encoding `OMS' has changed to `LMS' for symbol font
(Font)              `symbols' in the math version `normal' on input line 282.
LaTeX Font Info:    Overwriting symbol font `symbols' in version `normal'
(Font)                  OMS/cmsy/m/n --> LMS/ntxsy/m/n on input line 282.
LaTeX Font Info:    Encoding `OMS' has changed to `LMS' for symbol font
(Font)              `symbols' in the math version `bold' on input line 282.
LaTeX Font Info:    Overwriting symbol font `symbols' in version `bold'
(Font)                  OMS/cmsy/b/n --> LMS/ntxsy/m/n on input line 282.
LaTeX Font Info:    Overwriting symbol font `symbols' in version `bold'
(Font)                  LMS/ntxsy/m/n --> LMS/ntxsy/b/n on input line 283.
\symAMSm=\mathgroup5
LaTeX Font Info:    Overwriting symbol font `AMSm' in version `bold'
(Font)                  U/ntxsym/m/n --> U/ntxsym/b/n on input line 306.
\symsymbolsC=\mathgroup6
LaTeX Font Info:    Overwriting symbol font `symbolsC' in version `bold'
(Font)                  U/ntxsyc/m/n --> U/ntxsyc/b/n on input line 327.
Now handling font encoding LMX ...
... no UTF-8 mapping file for font encoding LMX
LaTeX Font Info:    Redeclaring symbol font `largesymbols' on input line 340.
LaTeX Font Info:    Encoding `OMX' has changed to `LMX' for symbol font
(Font)              `largesymbols' in the math version `normal' on input line 3
40.
LaTeX Font Info:    Overwriting symbol font `largesymbols' in version `normal'
(Font)                  OMX/cmex/m/n --> LMX/ntxexx/m/n on input line 340.
LaTeX Font Info:    Encoding `OMX' has changed to `LMX' for symbol font
(Font)              `largesymbols' in the math version `bold' on input line 340
.
LaTeX Font Info:    Overwriting symbol font `largesymbols' in version `bold'
(Font)                  OMX/cmex/m/n --> LMX/ntxexx/m/n on input line 340.
LaTeX Font Info:    Overwriting symbol font `largesymbols' in version `bold'
(Font)                  LMX/ntxexx/m/n --> LMX/ntxexx/b/n on input line 341.
\symlargesymbolsTXA=\mathgroup7
LaTeX Font Info:    Overwriting symbol font `largesymbolsTXA' in version `bold'

(Font)                  U/ntxexa/m/n --> U/ntxexa/b/n on input line 355.
LaTeX Font Info:    Redeclaring math delimiter \lgroup on input line 548.
LaTeX Font Info:    Redeclaring math delimiter \rgroup on input line 549.
LaTeX Font Info:    Redeclaring math delimiter \lmoustache on input line 550.
LaTeX Font Info:    Redeclaring math delimiter \rmoustache on input line 551.
LaTeX Font Info:    Redeclaring math delimiter \lfloor on input line 557.
LaTeX Font Info:    Redeclaring math delimiter \rfloor on input line 558.
LaTeX Font Info:    Redeclaring math delimiter \lceil on input line 559.
LaTeX Font Info:    Redeclaring math delimiter \rceil on input line 560.
LaTeX Font Info:    Redeclaring math delimiter \lbrace on input line 561.
LaTeX Font Info:    Redeclaring math delimiter \rbrace on input line 562.
LaTeX Font Info:    Redeclaring math delimiter \langle on input line 563.
LaTeX Font Info:    Redeclaring math delimiter \rangle on input line 565.
LaTeX Font Info:    Redeclaring math symbol \mid on input line 567.
LaTeX Font Info:    Redeclaring math delimiter \arrowvert on input line 569.
LaTeX Font Info:    Redeclaring math delimiter \vert on input line 570.
LaTeX Font Info:    Redeclaring math symbol \parallel on input line 571.
LaTeX Font Info:    Redeclaring math delimiter \Arrowvert on input line 572.
LaTeX Font Info:    Redeclaring math delimiter \Vert on input line 573.
LaTeX Font Info:    Redeclaring math delimiter \updownarrow on input line 575.
LaTeX Font Info:    Redeclaring math delimiter \Updownarrow on input line 576.
LaTeX Font Info:    Redeclaring math delimiter \lvert on input line 581.
LaTeX Font Info:    Redeclaring math delimiter \rvert on input line 582.
LaTeX Font Info:    Redeclaring math delimiter \lVert on input line 583.
LaTeX Font Info:    Redeclaring math delimiter \rVert on input line 584.
LaTeX Font Info:    Redeclaring math symbol \m@thbbch@rA on input line 1929.
\ntx@numstart=\count106
\ntx@UCstart=\count107
\ntx@lcstart=\count108
\ntx@tmpc=\count109
\ntx@imath=\count110
\ntx@jmath=\count111
LaTeX Info: Redefining \not on input line 2322.
)
("C:\Users\joonas.praks\AppData\Local\Programs\MiKTeX 2.9\tex\latex\newtx\newtx
text.sty"
Package: newtxtext 2018/03/27 v1.531

`newtxtext' v1.531, 2018/03/27 Text macros taking advantage of TeX-Gyre Termes 
fonts (msharpe)
("C:\Users\joonas.praks\AppData\Local\Programs\MiKTeX 2.9\tex\latex\fontaxes\fo
ntaxes.sty"
Package: fontaxes 2014/03/23 v1.0d Font selection axes
LaTeX Info: Redefining \upshape on input line 29.
LaTeX Info: Redefining \itshape on input line 31.
LaTeX Info: Redefining \slshape on input line 33.
LaTeX Info: Redefining \scshape on input line 37.
)
\ntx@fs=\dimen112

("C:\Users\joonas.praks\AppData\Local\Programs\MiKTeX 2.9\tex\latex\base\fonten
c.sty"
Package: fontenc 2017/04/05 v2.0i Standard LaTeX package

("C:\Users\joonas.praks\AppData\Local\Programs\MiKTeX 2.9\tex\latex\base\t1enc.
def"
File: t1enc.def 2017/04/05 v2.0i Standard LaTeX file
LaTeX Font Info:    Redeclaring font encoding T1 on input line 48.
))
("C:\Users\joonas.praks\AppData\Local\Programs\MiKTeX 2.9\tex\latex\base\textco
mp.sty"
Package: textcomp 2017/04/05 v2.0i Standard LaTeX package
Package textcomp Info: Sub-encoding information:
(textcomp)               5 = only ISO-Adobe without \textcurrency
(textcomp)               4 = 5 + \texteuro
(textcomp)               3 = 4 + \textohm
(textcomp)               2 = 3 + \textestimated + \textcurrency
(textcomp)               1 = TS1 - \textcircled - \t
(textcomp)               0 = TS1 (full)
(textcomp)             Font families with sub-encoding setting implement
(textcomp)             only a restricted character set as indicated.
(textcomp)             Family '?' is the default used for unknown fonts.
(textcomp)             See the documentation for details.
Package textcomp Info: Setting ? sub-encoding to TS1/1 on input line 79.
Package textcomp Info: Changing ? sub-encoding to TS1/0 on input line 80.

("C:\Users\joonas.praks\AppData\Local\Programs\MiKTeX 2.9\tex\latex\base\ts1enc
.def"
File: ts1enc.def 2001/06/05 v3.0e (jk/car/fm) Standard LaTeX file
Now handling font encoding TS1 ...
... processing UTF-8 mapping file for font encoding TS1

("C:\Users\joonas.praks\AppData\Local\Programs\MiKTeX 2.9\tex\latex\base\ts1enc
.dfu"
File: ts1enc.dfu 2018/04/05 v1.2c UTF-8 support for inputenc
   defining Unicode char U+00A2 (decimal 162)
   defining Unicode char U+00A3 (decimal 163)
   defining Unicode char U+00A4 (decimal 164)
   defining Unicode char U+00A5 (decimal 165)
   defining Unicode char U+00A6 (decimal 166)
   defining Unicode char U+00A7 (decimal 167)
   defining Unicode char U+00A8 (decimal 168)
   defining Unicode char U+00A9 (decimal 169)
   defining Unicode char U+00AA (decimal 170)
   defining Unicode char U+00AC (decimal 172)
   defining Unicode char U+00AE (decimal 174)
   defining Unicode char U+00AF (decimal 175)
   defining Unicode char U+00B0 (decimal 176)
   defining Unicode char U+00B1 (decimal 177)
   defining Unicode char U+00B2 (decimal 178)
   defining Unicode char U+00B3 (decimal 179)
   defining Unicode char U+00B4 (decimal 180)
   defining Unicode char U+00B5 (decimal 181)
   defining Unicode char U+00B6 (decimal 182)
   defining Unicode char U+00B7 (decimal 183)
   defining Unicode char U+00B9 (decimal 185)
   defining Unicode char U+00BA (decimal 186)
   defining Unicode char U+00BC (decimal 188)
   defining Unicode char U+00BD (decimal 189)
   defining Unicode char U+00BE (decimal 190)
   defining Unicode char U+00D7 (decimal 215)
   defining Unicode char U+00F7 (decimal 247)
   defining Unicode char U+0192 (decimal 402)
   defining Unicode char U+02C7 (decimal 711)
   defining Unicode char U+02D8 (decimal 728)
   defining Unicode char U+02DD (decimal 733)
   defining Unicode char U+0E3F (decimal 3647)
   defining Unicode char U+2016 (decimal 8214)
   defining Unicode char U+2020 (decimal 8224)
   defining Unicode char U+2021 (decimal 8225)
   defining Unicode char U+2022 (decimal 8226)
   defining Unicode char U+2030 (decimal 8240)
   defining Unicode char U+2031 (decimal 8241)
   defining Unicode char U+203B (decimal 8251)
   defining Unicode char U+203D (decimal 8253)
   defining Unicode char U+2044 (decimal 8260)
   defining Unicode char U+204E (decimal 8270)
   defining Unicode char U+2052 (decimal 8274)
   defining Unicode char U+20A1 (decimal 8353)
   defining Unicode char U+20A4 (decimal 8356)
   defining Unicode char U+20A6 (decimal 8358)
   defining Unicode char U+20A9 (decimal 8361)
   defining Unicode char U+20AB (decimal 8363)
   defining Unicode char U+20AC (decimal 8364)
   defining Unicode char U+20B1 (decimal 8369)
   defining Unicode char U+2103 (decimal 8451)
   defining Unicode char U+2116 (decimal 8470)
   defining Unicode char U+2117 (decimal 8471)
   defining Unicode char U+211E (decimal 8478)
   defining Unicode char U+2120 (decimal 8480)
   defining Unicode char U+2122 (decimal 8482)
   defining Unicode char U+2126 (decimal 8486)
   defining Unicode char U+2127 (decimal 8487)
   defining Unicode char U+212E (decimal 8494)
   defining Unicode char U+2190 (decimal 8592)
   defining Unicode char U+2191 (decimal 8593)
   defining Unicode char U+2192 (decimal 8594)
   defining Unicode char U+2193 (decimal 8595)
   defining Unicode char U+2329 (decimal 9001)
   defining Unicode char U+232A (decimal 9002)
   defining Unicode char U+2422 (decimal 9250)
   defining Unicode char U+25E6 (decimal 9702)
   defining Unicode char U+25EF (decimal 9711)
   defining Unicode char U+266A (decimal 9834)
   defining Unicode char U+FEFF (decimal 65279)
))
LaTeX Info: Redefining \oldstylenums on input line 334.
Package textcomp Info: Setting cmr sub-encoding to TS1/0 on input line 349.
Package textcomp Info: Setting cmss sub-encoding to TS1/0 on input line 350.
Package textcomp Info: Setting cmtt sub-encoding to TS1/0 on input line 351.
Package textcomp Info: Setting cmvtt sub-encoding to TS1/0 on input line 352.
Package textcomp Info: Setting cmbr sub-encoding to TS1/0 on input line 353.
Package textcomp Info: Setting cmtl sub-encoding to TS1/0 on input line 354.
Package textcomp Info: Setting ccr sub-encoding to TS1/0 on input line 355.
Package textcomp Info: Setting ptm sub-encoding to TS1/4 on input line 356.
Package textcomp Info: Setting pcr sub-encoding to TS1/4 on input line 357.
Package textcomp Info: Setting phv sub-encoding to TS1/4 on input line 358.
Package textcomp Info: Setting ppl sub-encoding to TS1/3 on input line 359.
Package textcomp Info: Setting pag sub-encoding to TS1/4 on input line 360.
Package textcomp Info: Setting pbk sub-encoding to TS1/4 on input line 361.
Package textcomp Info: Setting pnc sub-encoding to TS1/4 on input line 362.
Package textcomp Info: Setting pzc sub-encoding to TS1/4 on input line 363.
Package textcomp Info: Setting bch sub-encoding to TS1/4 on input line 364.
Package textcomp Info: Setting put sub-encoding to TS1/5 on input line 365.
Package textcomp Info: Setting uag sub-encoding to TS1/5 on input line 366.
Package textcomp Info: Setting ugq sub-encoding to TS1/5 on input line 367.
Package textcomp Info: Setting ul8 sub-encoding to TS1/4 on input line 368.
Package textcomp Info: Setting ul9 sub-encoding to TS1/4 on input line 369.
Package textcomp Info: Setting augie sub-encoding to TS1/5 on input line 370.
Package textcomp Info: Setting dayrom sub-encoding to TS1/3 on input line 371.
Package textcomp Info: Setting dayroms sub-encoding to TS1/3 on input line 372.

Package textcomp Info: Setting pxr sub-encoding to TS1/0 on input line 373.
Package textcomp Info: Setting pxss sub-encoding to TS1/0 on input line 374.
Package textcomp Info: Setting pxtt sub-encoding to TS1/0 on input line 375.
Package textcomp Info: Setting txr sub-encoding to TS1/0 on input line 376.
Package textcomp Info: Setting txss sub-encoding to TS1/0 on input line 377.
Package textcomp Info: Setting txtt sub-encoding to TS1/0 on input line 378.
Package textcomp Info: Setting lmr sub-encoding to TS1/0 on input line 379.
Package textcomp Info: Setting lmdh sub-encoding to TS1/0 on input line 380.
Package textcomp Info: Setting lmss sub-encoding to TS1/0 on input line 381.
Package textcomp Info: Setting lmssq sub-encoding to TS1/0 on input line 382.
Package textcomp Info: Setting lmvtt sub-encoding to TS1/0 on input line 383.
Package textcomp Info: Setting lmtt sub-encoding to TS1/0 on input line 384.
Package textcomp Info: Setting qhv sub-encoding to TS1/0 on input line 385.
Package textcomp Info: Setting qag sub-encoding to TS1/0 on input line 386.
Package textcomp Info: Setting qbk sub-encoding to TS1/0 on input line 387.
Package textcomp Info: Setting qcr sub-encoding to TS1/0 on input line 388.
Package textcomp Info: Setting qcs sub-encoding to TS1/0 on input line 389.
Package textcomp Info: Setting qpl sub-encoding to TS1/0 on input line 390.
Package textcomp Info: Setting qtm sub-encoding to TS1/0 on input line 391.
Package textcomp Info: Setting qzc sub-encoding to TS1/0 on input line 392.
Package textcomp Info: Setting qhvc sub-encoding to TS1/0 on input line 393.
Package textcomp Info: Setting futs sub-encoding to TS1/4 on input line 394.
Package textcomp Info: Setting futx sub-encoding to TS1/4 on input line 395.
Package textcomp Info: Setting futj sub-encoding to TS1/4 on input line 396.
Package textcomp Info: Setting hlh sub-encoding to TS1/3 on input line 397.
Package textcomp Info: Setting hls sub-encoding to TS1/3 on input line 398.
Package textcomp Info: Setting hlst sub-encoding to TS1/3 on input line 399.
Package textcomp Info: Setting hlct sub-encoding to TS1/5 on input line 400.
Package textcomp Info: Setting hlx sub-encoding to TS1/5 on input line 401.
Package textcomp Info: Setting hlce sub-encoding to TS1/5 on input line 402.
Package textcomp Info: Setting hlcn sub-encoding to TS1/5 on input line 403.
Package textcomp Info: Setting hlcw sub-encoding to TS1/5 on input line 404.
Package textcomp Info: Setting hlcf sub-encoding to TS1/5 on input line 405.
Package textcomp Info: Setting pplx sub-encoding to TS1/3 on input line 406.
Package textcomp Info: Setting pplj sub-encoding to TS1/3 on input line 407.
Package textcomp Info: Setting ptmx sub-encoding to TS1/4 on input line 408.
Package textcomp Info: Setting ptmj sub-encoding to TS1/4 on input line 409.
))
("C:\Users\joonas.praks\AppData\Local\Programs\MiKTeX 2.9\tex\latex\xcolor\xcol
or.sty"
Package: xcolor 2016/05/11 v2.12 LaTeX color extensions (UK)

("C:\Users\joonas.praks\AppData\Local\Programs\MiKTeX 2.9\tex\latex\graphics-cf
g\color.cfg"
File: color.cfg 2016/01/02 v1.6 sample color configuration
)
Package xcolor Info: Driver file: pdftex.def on input line 225.

("C:\Users\joonas.praks\AppData\Local\Programs\MiKTeX 2.9\tex\latex\graphics-de
f\pdftex.def"
File: pdftex.def 2018/01/08 v1.0l Graphics/color driver for pdftex
)
("C:\Users\joonas.praks\AppData\Local\Programs\MiKTeX 2.9\tex\latex\colortbl\co
lortbl.sty"
Package: colortbl 2018/05/02 v1.0c Color table columns (DPC)

("C:\Users\joonas.praks\AppData\Local\Programs\MiKTeX 2.9\tex\latex\tools\array
.sty"
Package: array 2018/04/30 v2.4h Tabular extension package (FMi)
\col@sep=\dimen113
\ar@mcellbox=\box28
\extrarowheight=\dimen114
\NC@list=\toks21
\extratabsurround=\skip46
\backup@length=\skip47
\ar@cellbox=\box29
)
\everycr=\toks22
\minrowclearance=\skip48
)
\rownum=\count112
Package xcolor Info: Model `cmy' substituted by `cmy0' on input line 1348.
Package xcolor Info: Model `hsb' substituted by `rgb' on input line 1352.
Package xcolor Info: Model `RGB' extended on input line 1364.
Package xcolor Info: Model `HTML' substituted by `rgb' on input line 1366.
Package xcolor Info: Model `Hsb' substituted by `hsb' on input line 1367.
Package xcolor Info: Model `tHsb' substituted by `hsb' on input line 1368.
Package xcolor Info: Model `HSB' substituted by `hsb' on input line 1369.
Package xcolor Info: Model `Gray' substituted by `gray' on input line 1370.
Package xcolor Info: Model `wave' substituted by `hsb' on input line 1371.
)
("C:\Users\joonas.praks\AppData\Local\Programs\MiKTeX 2.9\tex\latex\float\float
.sty"
Package: float 2001/11/08 v1.3d Float enhancements (AL)
\c@float@type=\count113
\float@exts=\toks23
\float@box=\box30
\@float@everytoks=\toks24
\@floatcapt=\box31
)
("C:\Users\joonas.praks\AppData\Local\Programs\MiKTeX 2.9\tex\latex\caption\cap
tion.sty"
Package: caption 2018/05/01 v3.3-147 Customizing captions (AR)

("C:\Users\joonas.praks\AppData\Local\Programs\MiKTeX 2.9\tex\latex\caption\cap
tion3.sty"
Package: caption3 2018/05/27 v1.8a caption3 kernel (AR)
Package caption3 Info: TeX engine: e-TeX on input line 64.
\captionmargin=\dimen115
\captionmargin@=\dimen116
\captionwidth=\dimen117
\caption@tempdima=\dimen118
\caption@indent=\dimen119
\caption@parindent=\dimen120
\caption@hangindent=\dimen121
)
\c@ContinuedFloat=\count114
Package caption Info: float package is loaded.
)
("C:\Users\joonas.praks\AppData\Local\Programs\MiKTeX 2.9\tex\latex\lipsum\lips
um.sty"
Package: lipsum 2014/07/27 v1.3 150 paragraphs of Lorem Ipsum dummy text
\c@lips@count=\count115
)
("C:\Users\joonas.praks\AppData\Local\Programs\MiKTeX 2.9\tex\latex\graphics\gr
aphicx.sty"
Package: graphicx 2017/06/01 v1.1a Enhanced LaTeX Graphics (DPC,SPQR)

("C:\Users\joonas.praks\AppData\Local\Programs\MiKTeX 2.9\tex\latex\graphics\gr
aphics.sty"
Package: graphics 2017/06/25 v1.2c Standard LaTeX Graphics (DPC,SPQR)

("C:\Users\joonas.praks\AppData\Local\Programs\MiKTeX 2.9\tex\latex\graphics\tr
ig.sty"
Package: trig 2016/01/03 v1.10 sin cos tan (DPC)
)
("C:\Users\joonas.praks\AppData\Local\Programs\MiKTeX 2.9\tex\latex\graphics-cf
g\graphics.cfg"
File: graphics.cfg 2016/06/04 v1.11 sample graphics configuration
)
Package graphics Info: Driver file: pdftex.def on input line 99.
)
\Gin@req@height=\dimen122
\Gin@req@width=\dimen123
)
("C:\Users\joonas.praks\AppData\Local\Programs\MiKTeX 2.9\tex\latex\framed\fram
ed.sty"
Package: framed 2011/10/22 v 0.96: framed or shaded text with page breaks
\OuterFrameSep=\skip49
\fb@frw=\dimen124
\fb@frh=\dimen125
\FrameRule=\dimen126
\FrameSep=\dimen127
)
("C:\Users\joonas.praks\AppData\Local\Programs\MiKTeX 2.9\tex\latex\pbox\pbox.s
ty"
Package: pbox 2011/12/07 v1.2 Dynamic parboxes

("C:\Users\joonas.praks\AppData\Local\Programs\MiKTeX 2.9\tex\latex\tools\calc.
sty"
Package: calc 2017/05/25 v4.3 Infix arithmetic (KKT,FJ)
\calc@Acount=\count116
\calc@Bcount=\count117
\calc@Adimen=\dimen128
\calc@Bdimen=\dimen129
\calc@Askip=\skip50
\calc@Bskip=\skip51
LaTeX Info: Redefining \setlength on input line 80.
LaTeX Info: Redefining \addtolength on input line 81.
\calc@Ccount=\count118
\calc@Cskip=\skip52
)
("C:\Users\joonas.praks\AppData\Local\Programs\MiKTeX 2.9\tex\latex\base\ifthen
.sty"
Package: ifthen 2014/09/29 v1.1c Standard LaTeX ifthen package (DPC)
)
\pb@xlen=\skip53
)
("C:\Users\joonas.praks\AppData\Local\Programs\MiKTeX 2.9\tex\latex\tools\longt
able.sty"
Package: longtable 2014/10/28 v4.11 Multi-page Table package (DPC)
\LTleft=\skip54
\LTright=\skip55
\LTpre=\skip56
\LTpost=\skip57
\LTchunksize=\count119
\LTcapwidth=\dimen130
\LT@head=\box32
\LT@firsthead=\box33
\LT@foot=\box34
\LT@lastfoot=\box35
\LT@cols=\count120
\LT@rows=\count121
\c@LT@tables=\count122
\c@LT@chunks=\count123
\LT@p@ftn=\toks25
)
("C:\Users\joonas.praks\AppData\Local\Programs\MiKTeX 2.9\tex\latex\tabu\tabu.s
ty"
Package: tabu 2011/02/26 v2.8 - flexible LaTeX tabulars (FC)

("C:\Users\joonas.praks\AppData\Local\Programs\MiKTeX 2.9\tex\latex\varwidth\va
rwidth.sty"
Package: varwidth 2009/03/30 ver 0.92;  Variable-width minipages
\@vwid@box=\box36
\sift@deathcycles=\count124
\@vwid@loff=\dimen131
\@vwid@roff=\dimen132
)
\c@taburow=\count125
\tabu@nbcols=\count126
\tabu@cnt=\count127
\tabu@Xcol=\count128
\tabu@alloc=\count129
\tabu@nested=\count130
\tabu@target=\dimen133
\tabu@spreadtarget=\dimen134
\tabu@naturalX=\dimen135
\tabucolX=\dimen136
\tabu@Xsum=\dimen137
\extrarowdepth=\dimen138
\abovetabulinesep=\dimen139
\belowtabulinesep=\dimen140
\tabustrutrule=\dimen141
\tabu@thebody=\toks26
\tabu@footnotes=\toks27
\tabu@box=\box37
\tabu@arstrutbox=\box38
\tabu@hleads=\box39
\tabu@vleads=\box40
\tabu@cellskip=\skip58
)
("C:\Users\joonas.praks\AppData\Local\Programs\MiKTeX 2.9\tex\latex\hyperref\hy
perref.sty"
Package: hyperref 2018/02/06 v6.86b Hypertext links for LaTeX

("C:\Users\joonas.praks\AppData\Local\Programs\MiKTeX 2.9\tex\generic\oberdiek\
hobsub-hyperref.sty"
Package: hobsub-hyperref 2016/05/16 v1.14 Bundle oberdiek, subset hyperref (HO)


("C:\Users\joonas.praks\AppData\Local\Programs\MiKTeX 2.9\tex\generic\oberdiek\
hobsub-generic.sty"
Package: hobsub-generic 2016/05/16 v1.14 Bundle oberdiek, subset generic (HO)
Package: hobsub 2016/05/16 v1.14 Construct package bundles (HO)
Package: infwarerr 2016/05/16 v1.4 Providing info/warning/error messages (HO)
Package: ltxcmds 2016/05/16 v1.23 LaTeX kernel commands for general use (HO)
Package hobsub Info: Skipping package `ifluatex' (already loaded).
Package: ifvtex 2016/05/16 v1.6 Detect VTeX and its facilities (HO)
Package ifvtex Info: VTeX not detected.
Package: intcalc 2016/05/16 v1.2 Expandable calculations with integers (HO)
Package: ifpdf 2017/03/15 v3.2 Provides the ifpdf switch
Package: etexcmds 2016/05/16 v1.6 Avoid name clashes with e-TeX commands (HO)
Package etexcmds Info: Could not find \expanded.
(etexcmds)             That can mean that you are not using pdfTeX 1.50 or
(etexcmds)             that some package has redefined \expanded.
(etexcmds)             In the latter case, load this package earlier.
Package: kvsetkeys 2016/05/16 v1.17 Key value parser (HO)
Package: kvdefinekeys 2016/05/16 v1.4 Define keys (HO)
Package: pdftexcmds 2018/01/30 v0.27 Utility functions of pdfTeX for LuaTeX (HO
)
Package pdftexcmds Info: LuaTeX not detected.
Package pdftexcmds Info: \pdf@primitive is available.
Package pdftexcmds Info: \pdf@ifprimitive is available.
Package pdftexcmds Info: \pdfdraftmode found.
Package: pdfescape 2016/05/16 v1.14 Implements pdfTeX's escape features (HO)
Package: bigintcalc 2016/05/16 v1.4 Expandable calculations on big integers (HO
)
Package: bitset 2016/05/16 v1.2 Handle bit-vector datatype (HO)
Package: uniquecounter 2016/05/16 v1.3 Provide unlimited unique counter (HO)
)
Package hobsub Info: Skipping package `hobsub' (already loaded).
Package: letltxmacro 2016/05/16 v1.5 Let assignment for LaTeX macros (HO)
Package: hopatch 2016/05/16 v1.3 Wrapper for package hooks (HO)
Package: xcolor-patch 2016/05/16 xcolor patch
Package: atveryend 2016/05/16 v1.9 Hooks at the very end of document (HO)
Package: atbegshi 2016/06/09 v1.18 At begin shipout hook (HO)
Package: refcount 2016/05/16 v3.5 Data extraction from label references (HO)
Package: hycolor 2016/05/16 v1.8 Color options for hyperref/bookmark (HO)
)
("C:\Users\joonas.praks\AppData\Local\Programs\MiKTeX 2.9\tex\latex\oberdiek\au
xhook.sty"
Package: auxhook 2016/05/16 v1.4 Hooks for auxiliary files (HO)
)
("C:\Users\joonas.praks\AppData\Local\Programs\MiKTeX 2.9\tex\latex\oberdiek\kv
options.sty"
Package: kvoptions 2016/05/16 v3.12 Key value format for package options (HO)
)
\@linkdim=\dimen142
\Hy@linkcounter=\count131
\Hy@pagecounter=\count132

("C:\Users\joonas.praks\AppData\Local\Programs\MiKTeX 2.9\tex\latex\hyperref\pd
1enc.def"
File: pd1enc.def 2018/02/06 v6.86b Hyperref: PDFDocEncoding definition (HO)
Now handling font encoding PD1 ...
... no UTF-8 mapping file for font encoding PD1
)
\Hy@SavedSpaceFactor=\count133

("C:\Users\joonas.praks\AppData\Local\Programs\MiKTeX 2.9\tex\latex\00miktex\hy
perref.cfg"
File: hyperref.cfg 2002/06/06 v1.2 hyperref configuration of TeXLive
)
Package hyperref Info: Hyper figures OFF on input line 4509.
Package hyperref Info: Link nesting OFF on input line 4514.
Package hyperref Info: Hyper index ON on input line 4517.
Package hyperref Info: Plain pages OFF on input line 4524.
Package hyperref Info: Backreferencing OFF on input line 4529.
Package hyperref Info: Implicit mode ON; LaTeX internals redefined.
Package hyperref Info: Bookmarks ON on input line 4762.
\c@Hy@tempcnt=\count134

("C:\Users\joonas.praks\AppData\Local\Programs\MiKTeX 2.9\tex\latex\url\url.sty
"
\Urlmuskip=\muskip11
Package: url 2013/09/16  ver 3.4  Verb mode for urls, etc.
)
LaTeX Info: Redefining \url on input line 5115.
\XeTeXLinkMargin=\dimen143
\Fld@menulength=\count135
\Field@Width=\dimen144
\Fld@charsize=\dimen145
Package hyperref Info: Hyper figures OFF on input line 6369.
Package hyperref Info: Link nesting OFF on input line 6374.
Package hyperref Info: Hyper index ON on input line 6377.
Package hyperref Info: backreferencing OFF on input line 6384.
Package hyperref Info: Link coloring OFF on input line 6389.
Package hyperref Info: Link coloring with OCG OFF on input line 6394.
Package hyperref Info: PDF/A mode OFF on input line 6399.
LaTeX Info: Redefining \ref on input line 6439.
LaTeX Info: Redefining \pageref on input line 6443.
\Hy@abspage=\count136
\c@Item=\count137
\c@Hfootnote=\count138
)
Package hyperref Info: Driver (autodetected): hpdftex.

("C:\Users\joonas.praks\AppData\Local\Programs\MiKTeX 2.9\tex\latex\hyperref\hp
dftex.def"
File: hpdftex.def 2018/02/06 v6.86b Hyperref driver for pdfTeX
\Fld@listcount=\count139
\c@bookmark@seq@number=\count140

("C:\Users\joonas.praks\AppData\Local\Programs\MiKTeX 2.9\tex\latex\oberdiek\re
runfilecheck.sty"
Package: rerunfilecheck 2016/05/16 v1.8 Rerun checks for auxiliary files (HO)
Package uniquecounter Info: New unique counter `rerunfilecheck' on input line 2
82.
)
\Hy@SectionHShift=\skip59
)
("C:\Users\joonas.praks\AppData\Local\Programs\MiKTeX 2.9\tex\latex\soul\soul.s
ty"
Package: soul 2003/11/17 v2.4 letterspacing/underlining (mf)
\SOUL@word=\toks28
\SOUL@lasttoken=\toks29
\SOUL@cmds=\toks30
\SOUL@buffer=\toks31
\SOUL@token=\toks32
\SOUL@spaceskip=\skip60
\SOUL@ttwidth=\dimen146
\SOUL@uldp=\dimen147
\SOUL@ulht=\dimen148
)
("C:\Users\joonas.praks\AppData\Local\Programs\MiKTeX 2.9\tex\latex\underscore\
underscore.sty"
Package: underscore 2006/09/13
LaTeX Info: Redefining \_ on input line 42.
)
LaTeX Font Info:    Try loading font information for T1+ntxtlf on input line 40
.

("C:\Users\joonas.praks\AppData\Local\Programs\MiKTeX 2.9\tex\latex\newtx\t1ntx
tlf.fd"
File: t1ntxtlf.fd 2015/01/17 v1.0 font definition file for T1/ntx/tlf
)
LaTeX Font Info:    Font shape `T1/ntxtlf/m/n' will be
(Font)              scaled to size 10.0pt on input line 40.
 (Dokument.aux)
\openout1 = `Dokument.aux'.

LaTeX Font Info:    Checking defaults for OML/ntxmi/m/it on input line 40.
LaTeX Font Info:    Try loading font information for OML+ntxmi on input line 40
.

("C:\Users\joonas.praks\AppData\Local\Programs\MiKTeX 2.9\tex\latex\newtx\omlnt
xmi.fd"
File: omlntxmi.fd 2015/08/25 Fontinst v1.933 font definitions for OML/ntxmi.
)
LaTeX Font Info:    ... okay on input line 40.
LaTeX Font Info:    Checking defaults for T1/cmr/m/n on input line 40.
LaTeX Font Info:    ... okay on input line 40.
LaTeX Font Info:    Checking defaults for OT1/cmr/m/n on input line 40.
LaTeX Font Info:    ... okay on input line 40.
LaTeX Font Info:    Checking defaults for OMS/cmsy/m/n on input line 40.
LaTeX Font Info:    ... okay on input line 40.
LaTeX Font Info:    Checking defaults for OMX/cmex/m/n on input line 40.
LaTeX Font Info:    ... okay on input line 40.
LaTeX Font Info:    Checking defaults for U/ntxexa/m/n on input line 40.
LaTeX Font Info:    Try loading font information for U+ntxexa on input line 40.


("C:\Users\joonas.praks\AppData\Local\Programs\MiKTeX 2.9\tex\latex\newtx\untxe
xa.fd"
File: untxexa.fd 2012/04/16 Fontinst v1.933 font definitions for U/ntxexa.
)
LaTeX Font Info:    ... okay on input line 40.
LaTeX Font Info:    Checking defaults for LMS/ntxsy/m/n on input line 40.
LaTeX Font Info:    Try loading font information for LMS+ntxsy on input line 40
.

("C:\Users\joonas.praks\AppData\Local\Programs\MiKTeX 2.9\tex\latex\newtx\lmsnt
xsy.fd"
File: lmsntxsy.fd 2016/07/02 Fontinst v1.933 font definitions for LMS/ntxsy.
)
LaTeX Font Info:    ... okay on input line 40.
LaTeX Font Info:    Checking defaults for LMX/ntxexx/m/n on input line 40.
LaTeX Font Info:    Try loading font information for LMX+ntxexx on input line 4
0.

("C:\Users\joonas.praks\AppData\Local\Programs\MiKTeX 2.9\tex\latex\newtx\lmxnt
xexx.fd"
File: lmxntxexx.fd 2016/07/03 Fontinst v1.933 font definitions for LMX/ntxexx.
)
LaTeX Font Info:    ... okay on input line 40.
LaTeX Font Info:    Checking defaults for TS1/cmr/m/n on input line 40.
LaTeX Font Info:    Try loading font information for TS1+cmr on input line 40.

("C:\Users\joonas.praks\AppData\Local\Programs\MiKTeX 2.9\tex\latex\base\ts1cmr
.fd"
File: ts1cmr.fd 2014/09/29 v2.5h Standard LaTeX font definitions
)
LaTeX Font Info:    ... okay on input line 40.
LaTeX Font Info:    Checking defaults for PD1/pdf/m/n on input line 40.
LaTeX Font Info:    ... okay on input line 40.
\c@mv@tabular=\count141
\c@mv@boldtabular=\count142

("C:\Users\joonas.praks\AppData\Local\Programs\MiKTeX 2.9\tex\context\base\supp
-pdf.mkii"
[Loading MPS to PDF converter (version 2006.09.02).]
\scratchcounter=\count143
\scratchdimen=\dimen149
\scratchbox=\box41
\nofMPsegments=\count144
\nofMParguments=\count145
\everyMPshowfont=\toks33
\MPscratchCnt=\count146
\MPscratchDim=\dimen150
\MPnumerator=\count147
\makeMPintoPDFobject=\count148
\everyMPtoPDFconversion=\toks34
)
("C:\Users\joonas.praks\AppData\Local\Programs\MiKTeX 2.9\tex\latex\oberdiek\ep
stopdf-base.sty"
Package: epstopdf-base 2016/05/15 v2.6 Base part for package epstopdf

("C:\Users\joonas.praks\AppData\Local\Programs\MiKTeX 2.9\tex\latex\oberdiek\gr
fext.sty"
Package: grfext 2016/05/16 v1.2 Manage graphics extensions (HO)
)
Package epstopdf-base Info: Redefining graphics rule for `.eps' on input line 4
38.
Package grfext Info: Graphics extension search list:
(grfext)             [.pdf,.png,.jpg,.mps,.jpeg,.jbig2,.jb2,.PDF,.PNG,.JPG,.JPE
G,.JBIG2,.JB2,.eps]
(grfext)             \AppendGraphicsExtensions on input line 456.
)
Package caption Info: Begin \AtBeginDocument code.
Package caption Info: hyperref package is loaded.
Package caption Info: longtable package is loaded.

("C:\Users\joonas.praks\AppData\Local\Programs\MiKTeX 2.9\tex\latex\caption\ltc
aption.sty"
Package: ltcaption 2013/06/09 v1.4-94 longtable captions (AR)
)
Package caption Info: End \AtBeginDocument code.
\AtBeginShipoutBox=\box42
Package hyperref Info: Link coloring OFF on input line 40.

("C:\Users\joonas.praks\AppData\Local\Programs\MiKTeX 2.9\tex\latex\hyperref\na
meref.sty"
Package: nameref 2016/05/21 v2.44 Cross-referencing by name of section

("C:\Users\joonas.praks\AppData\Local\Programs\MiKTeX 2.9\tex\generic\oberdiek\
gettitlestring.sty"
Package: gettitlestring 2016/05/16 v1.5 Cleanup title references (HO)
)
\c@section@level=\count149
)
LaTeX Info: Redefining \ref on input line 40.
LaTeX Info: Redefining \pageref on input line 40.
LaTeX Info: Redefining \nameref on input line 40.
\@outlinefile=\write3
\openout3 = `Dokument.out'.

LaTeX Font Info:    Font shape `T1/ntxtlf/m/n' will be
(Font)              scaled to size 24.88pt on input line 42.
LaTeX Font Info:    Font shape `T1/ntxtlf/bx/n' in size <24.88> not available
(Font)              Font shape `T1/ntxtlf/b/n' tried instead on input line 42.
LaTeX Font Info:    Font shape `T1/ntxtlf/b/n' will be
(Font)              scaled to size 24.88pt on input line 42.
 (Dokument.toc
LaTeX Font Info:    Font shape `T1/ntxtlf/bx/n' in size <10> not available
(Font)              Font shape `T1/ntxtlf/b/n' tried instead on input line 1.
LaTeX Font Info:    Font shape `T1/ntxtlf/b/n' will be
(Font)              scaled to size 10.0pt on input line 1.


LaTeX Font Warning: Font shape `OT1/cmr/m/n' in size <5.5> not available
(Font)              size <5> substituted on input line 2.

LaTeX Font Info:    Try loading font information for U+ntxmia on input line 2.

("C:\Users\joonas.praks\AppData\Local\Programs\MiKTeX 2.9\tex\latex\newtx\untxm
ia.fd"
File: untxmia.fd 2018/04/14 Fontinst v1.933 font definitions for U/ntxmia.
)
LaTeX Font Info:    Try loading font information for U+ntxsym on input line 2.

("C:\Users\joonas.praks\AppData\Local\Programs\MiKTeX 2.9\tex\latex\newtx\untxs
ym.fd"
File: untxsym.fd 2015/03/20 Fontinst v1.933 font definitions for U/ntxsym.
)
LaTeX Font Info:    Try loading font information for U+ntxsyc on input line 2.

("C:\Users\joonas.praks\AppData\Local\Programs\MiKTeX 2.9\tex\latex\newtx\untxs
yc.fd"
File: untxsyc.fd 2012/04/12 Fontinst v1.933 font definitions for U/ntxsyc.
))
\tf@toc=\write4
\openout4 = `Dokument.toc'.

 (Chapter1.tex [1


{C:/Users/joonas.praks/AppData/Local/MiKTeX/2.9/pdftex/config/pdftex.map}]
Chapter 1.
LaTeX Font Info:    Font shape `T1/ntxtlf/m/n' will be
(Font)              scaled to size 20.74pt on input line 1.
LaTeX Font Info:    Font shape `T1/ntxtlf/bx/n' in size <20.74> not available
(Font)              Font shape `T1/ntxtlf/b/n' tried instead on input line 1.
LaTeX Font Info:    Font shape `T1/ntxtlf/b/n' will be
(Font)              scaled to size 20.74pt on input line 1.
LaTeX Font Info:    Font shape `T1/ntxtlf/m/n' will be
(Font)              scaled to size 14.4pt on input line 4.
LaTeX Font Info:    Font shape `T1/ntxtlf/bx/n' in size <14.4> not available
(Font)              Font shape `T1/ntxtlf/b/n' tried instead on input line 4.
LaTeX Font Info:    Font shape `T1/ntxtlf/b/n' will be
(Font)              scaled to size 14.4pt on input line 4.
LaTeX Font Info:    Font shape `T1/ntxtlf/m/n' will be
(Font)              scaled to size 12.0pt on input line 7.
LaTeX Font Info:    Font shape `T1/ntxtlf/bx/n' in size <12> not available
(Font)              Font shape `T1/ntxtlf/b/n' tried instead on input line 7.
LaTeX Font Info:    Font shape `T1/ntxtlf/b/n' will be
(Font)              scaled to size 12.0pt on input line 7.
LaTeX Font Info:    Try loading font information for TS1+ntxtlf on input line 9
.

("C:\Users\joonas.praks\AppData\Local\Programs\MiKTeX 2.9\tex\latex\newtx\ts1nt
xtlf.fd"
File: ts1ntxtlf.fd 2015/01/18 v1.0 fd file for TS1/ntxtlf
)
LaTeX Font Info:    Font shape `TS1/ntxtlf/m/n' will be
(Font)              scaled to size 10.0pt on input line 9.
 [2

] [3] [4] [5]
Underfull \hbox (badness 10000) in paragraph at lines 250--252

 []

[6] [7]
Underfull \hbox (badness 10000) in paragraph at lines 343--345

 []

<./images/joonis1.png, id=113, 714.41907pt x 892.08281pt>
File: ./images/joonis1.png Graphic file (type png)
<use ./images/joonis1.png>
Package pdftex.def Info: ./images/joonis1.png  used on input line 358.
(pdftex.def)             Requested size: 428.65475pt x 535.25381pt.
[8] [9 <./images/joonis1.png>]
<./images/joonis2.png, id=123, 679.03688pt x 767.11594pt>
File: ./images/joonis2.png Graphic file (type png)
<use ./images/joonis2.png>
Package pdftex.def Info: ./images/joonis2.png  used on input line 372.
(pdftex.def)             Requested size: 407.42526pt x 460.27312pt.
 [10 <./images/joonis2.png>]
("C:\Users\joonas.praks\AppData\Local\Programs\MiKTeX 2.9\tex\latex\newtx\t1ntx
tt.fd")
Underfull \hbox (badness 10000) in paragraph at lines 523--523

 []


Underfull \hbox (badness 10000) in paragraph at lines 523--523

 []


Underfull \hbox (badness 10000) in paragraph at lines 523--523

 []


Underfull \hbox (badness 10000) in paragraph at lines 523--523

 []


Underfull \hbox (badness 10000) in paragraph at lines 523--523

 []


Underfull \hbox (badness 10000) in paragraph at lines 523--523
\T1/ntxtlf/m/n/10 Autode funk-t-sion-aalne all-süs-teem teenindab auto reg-istr
it, mille tur-vak-
 []


Underfull \hbox (badness 10000) in paragraph at lines 523--523
\T1/ntxtlf/m/n/10 lass on ([]$\T1/ntxtt/m/n/10 https : / / www . riigiteataja .
 ee / akt / 13125331 ? leiaKehtiv$[]\T1/ntxtlf/m/n/10 ):
 []


Underfull \hbox (badness 10000) in paragraph at lines 523--523
\T1/ntxtlf/m/n/10 K2T1S2
 []


Underfull \hbox (badness 10000) in paragraph at lines 523--523

 []

[11] [12] [13]
Overfull \hbox (0.44193pt too wide) in paragraph at lines 578--579
[]\T1/ntxtlf/m/n/10 Organisatsioon töötab kindla ri-igi ter-ri-too-ri-u-mil, or
-gan-isat-siooni au-tode reg-istreer-im-is-num-brid on unikaalsed
 []

[14]
<./images/joonis3.png, id=154, 557.08125pt x 417.81094pt>
File: ./images/joonis3.png Graphic file (type png)
<use ./images/joonis3.png>
Package pdftex.def Info: ./images/joonis3.png  used on input line 591.
(pdftex.def)             Requested size: 334.25133pt x 250.68849pt.
) (Chapter2.tex [15 <./images/joonis3.png>]
Chapter 2.
LaTeX Font Info:    Font shape `T1/ntxtlf/m/it' will be
(Font)              scaled to size 10.0pt on input line 35.
[16

]
Underfull \hbox (badness 10000) in paragraph at lines 62--68

 []

[17]
Underfull \hbox (badness 10000) in paragraph at lines 119--126

 []

[18]
LaTeX Font Info:    Font shape `T1/ntxtlf/bx/it' in size <10> not available
(Font)              Font shape `T1/ntxtlf/b/it' tried instead on input line 170
.
LaTeX Font Info:    Font shape `T1/ntxtlf/b/it' will be
(Font)              scaled to size 10.0pt on input line 170.
 [19]
Underfull \hbox (badness 10000) in paragraph at lines 196--198

 []

[20]
Underfull \hbox (badness 10000) in paragraph at lines 266--268

 []

[21]
Underfull \hbox (badness 10000) in paragraph at lines 299--300

 []

[22]
<./images/joonis5.png, id=244, 359.54324pt x 349.305pt>
File: ./images/joonis5.png Graphic file (type png)
<use ./images/joonis5.png>
Package pdftex.def Info: ./images/joonis5.png  used on input line 309.
(pdftex.def)             Requested size: 359.54236pt x 349.30414pt.
<./images/joonis6.png, id=246, 381.22424pt x 228.855pt>
File: ./images/joonis6.png Graphic file (type png)
<use ./images/joonis6.png>
Package pdftex.def Info: ./images/joonis6.png  used on input line 314.
(pdftex.def)             Requested size: 381.22331pt x 228.85443pt.
 [23 <./images/joonis5.png>]
<./images/joonis7.png, id=253, 268.6035pt x 162.6075pt>
File: ./images/joonis7.png Graphic file (type png)
<use ./images/joonis7.png>
Package pdftex.def Info: ./images/joonis7.png  used on input line 319.
(pdftex.def)             Requested size: 268.60284pt x 162.6071pt.
<./images/joonis8.png, id=254, 366.77025pt x 259.56975pt>
File: ./images/joonis8.png Graphic file (type png)
<use ./images/joonis8.png>
Package pdftex.def Info: ./images/joonis8.png  used on input line 324.
(pdftex.def)             Requested size: 366.76935pt x 259.5691pt.
 [24 <./images/joonis6.png> <./images/joonis7.png>]
<./images/joonis9.png, id=263, 485.4135pt x 236.082pt>
File: ./images/joonis9.png Graphic file (type png)
<use ./images/joonis9.png>
Package pdftex.def Info: ./images/joonis9.png  used on input line 329.
(pdftex.def)             Requested size: 485.41231pt x 236.0814pt.

Overfull \hbox (33.72481pt too wide) in paragraph at lines 329--330
[][] 
 []


Underfull \hbox (badness 1038) in paragraph at lines 405--405
[]\T1/ntxtlf/m/n/10 Auto on sõidu-va-hend, mis on or-gan-isat-sioo-nis
 []


Underfull \hbox (badness 1436) in paragraph at lines 405--405
\T1/ntxtlf/m/n/10 ja sama auto võib ku-u-luda ko-r-raga mitmesse
 []


Underfull \hbox (badness 10000) in paragraph at lines 405--405
[]\T1/ntxtlf/m/n/10 Auto_-kat-e-goo-ria_-
 []


Underfull \hbox (badness 1097) in paragraph at lines 405--405
[]\T1/ntxtlf/m/n/10 "Riik on kindla ter-ri-too-ri-u-miga sõl-tumatu (su-
 []


Underfull \hbox (badness 10000) in paragraph at lines 405--405
\T1/ntxtlf/m/n/10 veräänne) ük-sus (ju-ri-idi-line lähen-e-m-ine).
 []


Underfull \hbox (badness 10000) in paragraph at lines 405--405
\T1/ntxtlf/m/n/10 (Vikipeedia) Ri-iki-dena käsitle-takse ri-ike ja
 []

[25 <./images/joonis8.png> <./images/joonis9.png>] [26]
Underfull \hbox (badness 10000) in paragraph at lines 597--597
[]\T1/ntxtlf/b/n/10 Atribuudi nimi
 []


Underfull \hbox (badness 10000) in paragraph at lines 597--597
[]\T1/ntxtlf/b/n/10 Atribuudi nimi
 []


Underfull \hbox (badness 10000) in paragraph at lines 597--597
[]\T1/ntxtlf/m/n/10 Juhib or-gan-isat-
 []


Underfull \hbox (badness 10000) in paragraph at lines 597--597
\T1/ntxtlf/m/n/10 siooni igapäev-ast
 []


Underfull \hbox (badness 10000) in paragraph at lines 597--597
[]\T1/ntxtlf/b/n/10 Registreerimine on ko-hus-tus-lik.
 []


Underfull \hbox (badness 10000) in paragraph at lines 597--597
[]\T1/ntxtlf/b/n/10 Registreerimine on ko-hus-tus-lik.
 []


Underfull \hbox (badness 10000) in paragraph at lines 597--597
[]\T1/ntxtlf/b/n/10 Registreerimine on ko-hus-tus-lik.
 []


Underfull \hbox (badness 1043) in paragraph at lines 597--597
[]\T1/ntxtlf/m/n/10 Auto mudel. Mudel on au-to-tootja
 []


Underfull \hbox (badness 10000) in paragraph at lines 597--597
[]\T1/ntxtlf/b/n/10 Registreerimine on ko-hus-tus-lik.
 []


Underfull \hbox (badness 10000) in paragraph at lines 597--597
[]\T1/ntxtlf/m/n/10 reg_-num-ber (reg-
 []


Underfull \hbox (badness 10000) in paragraph at lines 597--597
\T1/ntxtlf/m/n/10 istreer-im-is-märk,
 []


Underfull \hbox (badness 6675) in paragraph at lines 597--597
[]\T1/ntxtlf/b/n/10 Ei tohi lei-duda kahte ak-ti-ivses
 []


Underfull \hbox (badness 4859) in paragraph at lines 597--597
\T1/ntxtlf/b/n/10 seisundis au-tot, mil-lel on sama
 []


Underfull \hbox (badness 5696) in paragraph at lines 597--597
\T1/ntxtlf/b/n/10 reg-istrinum-ber, st ak-ti-ivsete au-
 []


Overfull \hbox (22.52248pt too wide) in paragraph at lines 597--597
[]\T1/ntxtlf/m/n/10 WAUFFAFM3CA000000| 
 []


Underfull \hbox (badness 10000) in paragraph at lines 597--597
[]\T1/ntxtlf/b/n/10 Registreerimine on ko-hus-tus-lik.
 []


Underfull \hbox (badness 3792) in paragraph at lines 597--597
\T1/ntxtlf/b/n/10 unikaalne iden-ti-fikaa-tor.Isikukoodis
 []


Underfull \hbox (badness 10000) in paragraph at lines 597--597
[]\T1/ntxtlf/m/n/10 perenimi
 []


Underfull \hbox (badness 10000) in paragraph at lines 597--597
[]\T1/ntxtlf/b/n/10 Registreerimine on ko-hus-tus-lik.
 []


Underfull \hbox (badness 2173) in paragraph at lines 597--597
\T1/ntxtlf/b/n/10 Sünni ku-upäeva või-ma-likud väär-
 []


Underfull \hbox (badness 2547) in paragraph at lines 597--597
[]\T1/ntxtlf/m/n/10 "Koha-aadress on ter-ri-too-ri-umi hal-
 []


Underfull \hbox (badness 4229) in paragraph at lines 597--597
\T1/ntxtlf/m/n/10 dus-jao-tuse hi-er-arhi-ast ja amet-lik-est
 []


Underfull \hbox (badness 10000) in paragraph at lines 597--597
\T1/ntxtlf/m/n/10 ko-hanimedest läh-tuv aadres-sob-jekti
 []


Underfull \hbox (badness 10000) in paragraph at lines 597--597
\T1/ntxtlf/m/n/10 tekstilis-numbriline kirje või tun-
 []


Underfull \hbox (badness 6927) in paragraph at lines 597--597
\T1/ntxtlf/m/n/10 ta-jate tee 62-12.
 []


Underfull \hbox (badness 4242) in paragraph at lines 597--597
\T1/ntxtlf/m/n/10 Har-ju-maa, Vi-imsi
 []


Underfull \hbox (badness 3128) in paragraph at lines 597--597
\T1/ntxtlf/m/n/10 vald, Kaku küla,
 []


Underfull \hbox (badness 10000) in paragraph at lines 597--597
[]\T1/ntxtlf/m/n/10 e_-meil (e_-mail,
 []


Underfull \hbox (badness 5175) in paragraph at lines 597--597
[]\T1/ntxtlf/m/n/10 Isiku identsust tõen-dav tead-mus-lik
 []


Overfull \hbox (248.06247pt too wide) in paragraph at lines 597--597
[]\T1/ntxtlf/m/n/10 $2a$11$FsKdoFDJePwuYtyg2hBxz.e8AwSODaO/nFGGacEm05vIgOBNG9dH
C| 
 []


Underfull \hbox (badness 10000) in paragraph at lines 597--597
[]\T1/ntxtlf/b/n/10 Registreerimine on ko-hus-tus-lik.
 []


Underfull \hbox (badness 2653) in paragraph at lines 597--597
[]\T1/ntxtlf/m/n/10 Klassifikaatori väär-tust es-i-tav kood,
 []


Underfull \hbox (badness 10000) in paragraph at lines 597--597
[]\T1/ntxtlf/b/n/10 Registreerimine on ko-hus-tus-lik.
 []


Underfull \hbox (badness 10000) in paragraph at lines 597--597
[]\T1/ntxtlf/m/n/10 on_-nous_-tyli-ta-
 []


Underfull \hbox (badness 3601) in paragraph at lines 597--597
[]\T1/ntxtlf/m/n/10 Kirjeldab ära kas klient on nõus
 []


Underfull \hbox (badness 10000) in paragraph at lines 597--597
[]\T1/ntxtlf/b/n/10 Registreerimine on ko-hus-tus-lik.
 []

[27] [28] [29] [30]
Underfull \hbox (badness 10000) in paragraph at lines 632--633

 []


Underfull \hbox (badness 10000) in paragraph at lines 645--646

 []


Overfull \hbox (16.40186pt too wide) in paragraph at lines 651--652
[]\T1/ntxtlf/m/n/10 a on seo-tud auto_-seisundi_-liik ek-sem-plar-iga asl_-vana
 (mil-lel on nime-tus="Ootel") või (nime-tus="Mitteaktiivne") 
 []

[31]
Underfull \hbox (badness 10000) in paragraph at lines 664--665

 []


Underfull \hbox (badness 10000) in paragraph at lines 682--683

 []


Overfull \hbox (29.18185pt too wide) in paragraph at lines 688--689
[]\T1/ntxtlf/m/n/10 a on seo-tud auto_-seisundi_-liik ek-sem-plar-iga asl_-vana
 (mil-lel on nime-tus="Aktiivne") või (nime-tus="Mitteaktiivne") 
 []


Underfull \hbox (badness 10000) in paragraph at lines 700--701

 []

[32]
Underfull \hbox (badness 10000) in paragraph at lines 732--733

 []


Overfull \hbox (29.11172pt too wide) in paragraph at lines 739--740
[]\T1/ntxtlf/m/n/10 a on seo-tud auto_-seisundi_-liik ek-sem-plar-iga asl (mil-
lel on nime-tus="Ootel") või (mil-lel on nime-tus="Mitteaktiivne") 
 []


Underfull \hbox (badness 10000) in paragraph at lines 751--752

 []


Overfull \hbox (29.11172pt too wide) in paragraph at lines 758--759
[]\T1/ntxtlf/m/n/10 a on seo-tud auto_-seisundi_-liik ek-sem-plar-iga asl (mil-
lel on nime-tus="Ootel") või (mil-lel on nime-tus="Mitteaktiivne") 
 []


Underfull \hbox (badness 10000) in paragraph at lines 765--766

 []

[33]
<./images/joonis4.png, id=308, 913.91437pt x 810.02625pt>
File: ./images/joonis4.png Graphic file (type png)
<use ./images/joonis4.png>
Package pdftex.def Info: ./images/joonis4.png  used on input line 770.
(pdftex.def)             Requested size: 456.95605pt x 405.01213pt.

Overfull \hbox (5.26855pt too wide) in paragraph at lines 770--771
[][] 
 []


Underfull \hbox (badness 10000) in paragraph at lines 774--776

 []

<./images/tabel7.png, id=309, 497.4585pt x 260.172pt>
File: ./images/tabel7.png Graphic file (type png)
<use ./images/tabel7.png>
Package pdftex.def Info: ./images/tabel7.png  used on input line 781.
(pdftex.def)             Requested size: 497.45728pt x 260.17134pt.

Overfull \hbox (45.76978pt too wide) in paragraph at lines 781--782
[][] 
 []

[34 <./images/joonis4.png>]) (Chapter3.tex [35 <./images/tabel7.png>]
Chapter 3.
<./images/joonis10.png, id=332, 436.029pt x 484.209pt>
File: ./images/joonis10.png Graphic file (type png)
<use ./images/joonis10.png>
Package pdftex.def Info: ./images/joonis10.png  used on input line 6.
(pdftex.def)             Requested size: 436.02792pt x 484.20781pt.
[36

]
<./images/joonis11.png, id=337, 202.356pt x 330.63525pt>
File: ./images/joonis11.png Graphic file (type png)
<use ./images/joonis11.png>
Package pdftex.def Info: ./images/joonis11.png  used on input line 11.
(pdftex.def)             Requested size: 202.3555pt x 330.63445pt.
 [37 <./images/joonis10.png>]
<./images/joonis12.png, id=345, 358.941pt x 401.70074pt>
File: ./images/joonis12.png Graphic file (type png)
<use ./images/joonis12.png>
Package pdftex.def Info: ./images/joonis12.png  used on input line 16.
(pdftex.def)             Requested size: 358.94011pt x 401.69975pt.
 [38 <./images/joonis11.png>]
<./images/joonis13.png, id=352, 402.90524pt x 333.6465pt>
File: ./images/joonis13.png Graphic file (type png)
<use ./images/joonis13.png>
Package pdftex.def Info: ./images/joonis13.png  used on input line 21.
(pdftex.def)             Requested size: 402.90425pt x 333.64568pt.
 [39 <./images/joonis12.png>]
<./images/joonis14.png, id=359, 486.01575pt x 458.31226pt>
File: ./images/joonis14.png Graphic file (type png)
<use ./images/joonis14.png>
Package pdftex.def Info: ./images/joonis14.png  used on input line 26.
(pdftex.def)             Requested size: 486.01456pt x 458.31113pt.

Overfull \hbox (34.32706pt too wide) in paragraph at lines 26--27
[][] 
 []

) [40 <./images/joonis13.png>] (Chapter6.tex [41 <./images/joonis14.png>]
Chapter 4.

Overfull \hbox (110.10768pt too wide) in paragraph at lines 7--8
[]\T1/ntxtlf/m/n/10 AutoCheck. What is a ve-hi-cle iden-ti-fi-ca-tion num-ber (
VIN)? [WWW] https://www.autocheck.com/vehiclehistory/autocheck/en/vinbasics
 []


Overfull \hbox (1.79012pt too wide) in paragraph at lines 8--9
[]\T1/ntxtlf/m/n/10 Country Codes - ISO 3166 [WWW] http://www.iso.org/iso/home/
standards/country_-codes.htm (29.01.2017) 
 []


Overfull \hbox (4.77797pt too wide) in paragraph at lines 13--16
[]\T1/ntxtlf/m/n/10 Isikuandmete kaitse seadus. [WWW] https://www.riigiteataja.
ee/akt/130122010011?leiaKehtiv (29.01.2017)
 []

! You can't use `macro parameter character #' in horizontal mode.
l.16 ...www.mnt.ee/et/soiduk/registreerimismargid#
                                                  tab-1 (06.09.2018)
Sorry, but I'm not programmed to handle this case;
I'll just pretend that you didn't ask for it.
If you're in the wrong mode, you might be able to
return to the right one by typing `I}' or `I$' or `I\par'.

)
Package atveryend Info: Empty hook `BeforeClearDocument' on input line 51.
 [42

]
Package atveryend Info: Empty hook `AfterLastShipout' on input line 51.
 (Dokument.aux)
Package atveryend Info: Executing hook `AtVeryEndDocument' on input line 51.
Package atveryend Info: Executing hook `AtEndAfterFileList' on input line 51.


Package rerunfilecheck Warning: File `Dokument.out' has changed.
(rerunfilecheck)                Rerun to get outlines right
(rerunfilecheck)                or use package `bookmark'.

Package rerunfilecheck Info: Checksums for `Dokument.out':
(rerunfilecheck)             Before: <no file>
(rerunfilecheck)             After:  1CEA3B1F2D997C91301F26B84A6A57BB;3054.

LaTeX Font Warning: Size substitutions with differences
(Font)              up to 0.5pt have occurred.

 ) 
Here is how much of TeX's memory you used:
 11678 strings out of 492973
 170254 string characters out of 3123591
 405477 words of memory out of 3000000
 15158 multiletter control sequences out of 15000+200000
 47690 words of font info for 51 fonts, out of 3000000 for 9000
 1141 hyphenation exceptions out of 8191
 53i,16n,92p,917b,625s stack positions out of 5000i,500n,10000p,200000b,50000s
{C:/Users/joonas.praks/AppData/Local/Programs/MiKTeX 2.9/fonts/enc/dvips/newt
x/ntx-ec-tlf.enc}{C:/Users/joonas.praks/AppData/Local/Programs/MiKTeX 2.9/fonts
/enc/dvips/tex-gyre/q-ts1.enc}<C:/Users/joonas.praks/AppData/Local/Programs/MiK
TeX 2.9/fonts/type1/public/tex-gyre/qtmb.pfb><C:/Users/joonas.praks/AppData/Loc
al/Programs/MiKTeX 2.9/fonts/type1/public/tex-gyre/qtmr.pfb><C:/Users/joonas.pr
aks/AppData/Local/Programs/MiKTeX 2.9/fonts/type1/public/tex-gyre/qtmri.pfb><C:
/Users/joonas.praks/AppData/Local/Programs/MiKTeX 2.9/fonts/type1/public/txfont
s/t1xtt.pfb>
Output written on Dokument.pdf (42 pages, 770794 bytes).
PDF statistics:
 450 PDF objects out of 1000 (max. 8388607)
 182 named destinations out of 1000 (max. 500000)
 76 words of extra memory for PDF output out of 10000 (max. 10000000)

