\BOOKMARK [0][-]{chapter.1}{Strateegiline anal\374\374s}{}% 1
\BOOKMARK [1][-]{section.1.1}{Terviks\374steemi \374ldvaade}{chapter.1}% 2
\BOOKMARK [2][-]{subsection.1.1.1}{Organisatsiooni eesm\344rgid}{section.1.1}% 3
\BOOKMARK [2][-]{subsection.1.1.2}{Infos\374steemi eesm\344rgid}{section.1.1}% 4
\BOOKMARK [2][-]{subsection.1.1.3}{Lausendid}{section.1.1}% 5
\BOOKMARK [2][-]{subsection.1.1.4}{P\365hiobjektid}{section.1.1}% 6
\BOOKMARK [2][-]{subsection.1.1.5}{P\365hiprotsessid}{section.1.1}% 7
\BOOKMARK [2][-]{subsection.1.1.6}{P\365hilised s\374ndmused}{section.1.1}% 8
\BOOKMARK [2][-]{subsection.1.1.7}{Tegutsejad}{section.1.1}% 9
\BOOKMARK [2][-]{subsection.1.1.8}{Asukohad}{section.1.1}% 10
\BOOKMARK [2][-]{subsection.1.1.9}{Terviks\374steemi t\374keldus alls\374steemideks}{section.1.1}% 11
\BOOKMARK [1][-]{section.1.2}{Autode funktsionaalse alls\374steemi eskiismudelid}{chapter.1}% 12
\BOOKMARK [2][-]{subsection.1.2.1}{Eesm\344rgid}{section.1.2}% 13
\BOOKMARK [2][-]{subsection.1.2.2}{Alls\374steemi kasutavad p\344devusalad}{section.1.2}% 14
\BOOKMARK [2][-]{subsection.1.2.3}{Alls\374steemi poolt vajatavad registrid}{section.1.2}% 15
\BOOKMARK [2][-]{subsection.1.2.4}{Alls\374steemi \374he p\365hiprotsessi tegevusdiag}{section.1.2}% 16
\BOOKMARK [2][-]{subsection.1.2.5}{Alls\374steemi kasutusjuhtude eskiismudel}{section.1.2}% 17
\BOOKMARK [2][-]{subsection.1.2.6}{Mittefunktsionaalsed n\365uded}{section.1.2}% 18
\BOOKMARK [1][-]{section.1.3}{Autode registri eskiismudelid }{chapter.1}% 19
\BOOKMARK [2][-]{subsection.1.3.1}{Eesm\344rgid}{section.1.3}% 20
\BOOKMARK [2][-]{subsection.1.3.2}{Registrit kasutavad p\344devusalad}{section.1.3}% 21
\BOOKMARK [2][-]{subsection.1.3.3}{Registrit teenindavad funktsionaalsed alls\374steemid}{section.1.3}% 22
\BOOKMARK [2][-]{subsection.1.3.4}{Infovajadused, mida register aitab rahuldada}{section.1.3}% 23
\BOOKMARK [2][-]{subsection.1.3.5}{Seosed teiste registritega}{section.1.3}% 24
\BOOKMARK [2][-]{subsection.1.3.6}{\304rireeglid}{section.1.3}% 25
\BOOKMARK [2][-]{subsection.1.3.7}{Registri kontseptuaalne eskiismudel}{section.1.3}% 26
\BOOKMARK [0][-]{chapter.2}{Detailanal\374\374s}{}% 27
\BOOKMARK [1][-]{section.2.1}{Autode funktsionaalse alls\374steemi detailanal\374\374s}{chapter.2}% 28
\BOOKMARK [2][-]{subsection.2.1.1}{Kasutusjuhtude mudel}{section.2.1}% 29
